starwords2/app/build/outputs/logs/manifest-merger-debug-report.txt
-- Merging decision tree log ---
manifest
ADDED from src/main/AndroidManifest.xml:2:1-65:12
	package
		ADDED from src/main/AndroidManifest.xml:3:5-24
		INJECTED from src/main/AndroidManifest.xml
		INJECTED from src/main/AndroidManifest.xml
	android:versionName
		ADDED from src/main/AndroidManifest.xml:5:5-30
		INJECTED from src/main/AndroidManifest.xml
		INJECTED from src/main/AndroidManifest.xml
	android:versionCode
		ADDED from src/main/AndroidManifest.xml:4:5-28
		INJECTED from src/main/AndroidManifest.xml
		INJECTED from src/main/AndroidManifest.xml
	xmlns:android
		ADDED from src/main/AndroidManifest.xml:2:11-69
uses-sdk
ADDED from src/main/AndroidManifest.xml:7:5-44
	android:targetSdkVersion
		INJECTED from src/main/AndroidManifest.xml
		INJECTED from src/main/AndroidManifest.xml
	android:minSdkVersion
		ADDED from src/main/AndroidManifest.xml:7:15-41
		INJECTED from src/main/AndroidManifest.xml
		INJECTED from src/main/AndroidManifest.xml
application
ADDED from src/main/AndroidManifest.xml:9:5-63:19
	android:label
		ADDED from src/main/AndroidManifest.xml:11:9-41
	android:icon
		ADDED from src/main/AndroidManifest.xml:10:9-45
activity#star.main.MainActivity
ADDED from src/main/AndroidManifest.xml:12:9-20:20
	android:label
		ADDED from src/main/AndroidManifest.xml:13:13-45
	android:name
		ADDED from src/main/AndroidManifest.xml:14:13-41
intent-filter#android.intent.action.MAIN+android.intent.category.LAUNCHER
ADDED from src/main/AndroidManifest.xml:15:13-19:29
action#android.intent.action.MAIN
ADDED from src/main/AndroidManifest.xml:16:17-69
	android:name
		ADDED from src/main/AndroidManifest.xml:16:25-66
category#android.intent.category.LAUNCHER
ADDED from src/main/AndroidManifest.xml:18:17-77
	android:name
		ADDED from src/main/AndroidManifest.xml:18:27-74
activity#star.db.dbhelper
ADDED from src/main/AndroidManifest.xml:21:10-22:20
	android:name
		ADDED from src/main/AndroidManifest.xml:21:20-51
activity#star.view.WordsBookView
ADDED from src/main/AndroidManifest.xml:23:10-24:20
	android:name
		ADDED from src/main/AndroidManifest.xml:23:20-58
activity#star.view.WordsBookViewuser1
ADDED from src/main/AndroidManifest.xml:25:9-26:20
	android:name
		ADDED from src/main/AndroidManifest.xml:25:19-62
activity#star.view.WordsBookReview
ADDED from src/main/AndroidManifest.xml:27:9-28:20
	android:name
		ADDED from src/main/AndroidManifest.xml:27:19-59
activity#star.view.listview
ADDED from src/main/AndroidManifest.xml:29:9-30:20
	android:name
		ADDED from src/main/AndroidManifest.xml:29:19-52
activity#star.view.word
ADDED from src/main/AndroidManifest.xml:31:9-32:20
	android:name
		ADDED from src/main/AndroidManifest.xml:31:19-48
activity#star.view.worduser1
ADDED from src/main/AndroidManifest.xml:33:9-34:20
	android:name
		ADDED from src/main/AndroidManifest.xml:33:19-53
activity#star.view.wordreview
ADDED from src/main/AndroidManifest.xml:35:9-36:20
	android:name
		ADDED from src/main/AndroidManifest.xml:35:19-54
activity#star.service.addbook
ADDED from src/main/AndroidManifest.xml:37:9-38:20
	android:name
		ADDED from src/main/AndroidManifest.xml:37:19-54
activity#star.service.addbookuser1
ADDED from src/main/AndroidManifest.xml:39:9-40:20
	android:name
		ADDED from src/main/AndroidManifest.xml:39:19-59
activity#star.service.wordtest
ADDED from src/main/AndroidManifest.xml:41:9-42:20
	android:name
		ADDED from src/main/AndroidManifest.xml:41:19-55
activity#star.main.booklist
ADDED from src/main/AndroidManifest.xml:43:9-44:20
	android:name
		ADDED from src/main/AndroidManifest.xml:43:19-52
activity#star.main.booklistreview
ADDED from src/main/AndroidManifest.xml:45:9-46:20
	android:name
		ADDED from src/main/AndroidManifest.xml:45:19-58
activity#star.booklist.CET4
ADDED from src/main/AndroidManifest.xml:47:9-48:20
	android:name
		ADDED from src/main/AndroidManifest.xml:47:19-52
activity#star.booklist.USER1
ADDED from src/main/AndroidManifest.xml:49:9-50:20
	android:name
		ADDED from src/main/AndroidManifest.xml:49:19-53
activity#star.booklist.CET4review
ADDED from src/main/AndroidManifest.xml:51:9-52:20
	android:name
		ADDED from src/main/AndroidManifest.xml:51:19-58
activity#star.booklist.CET4test
ADDED from src/main/AndroidManifest.xml:53:9-54:20
	android:name
		ADDED from src/main/AndroidManifest.xml:53:19-56
activity#star.newwords.newwords
ADDED from src/main/AndroidManifest.xml:55:9-56:20
	android:name
		ADDED from src/main/AndroidManifest.xml:55:19-56
activity#star.newwords.newwordslist
ADDED from src/main/AndroidManifest.xml:57:9-58:20
	android:name
		ADDED from src/main/AndroidManifest.xml:57:19-60
activity#star.test.testbooklist
ADDED from src/main/AndroidManifest.xml:59:9-60:20
	android:name
		ADDED from src/main/AndroidManifest.xml:59:19-56
activity#star.test.CET4wordstest
ADDED from src/main/AndroidManifest.xml:61:9-62:20
	android:name
		ADDED from src/main/AndroidManifest.xml:61:19-57